
=== Seattle (tournament_id=1, rk9=SE01gUuRn8bJqbH9Wnt1) ===
  Rounds found:  -> using null
  Page 1: +0 rows (total: 0)
  No records found, skipping

=== EUIC (tournament_id=2, rk9=EU01mU0Z1galE2FATDYs) ===
  Rounds found:  -> using null
  Page 1: +0 rows (total: 0)
  No records found, skipping

=== Santiago (tournament_id=3, rk9=ST01bmgM9jIqCvBYdzy3) ===
  Rounds found:  -> using null
  Page 1: +0 rows (total: 0)
  No records found, skipping

=== Sydney (tournament_id=4, rk9=SY01X6aiblBgAp8tfhjx) ===
  Rounds found:  -> using null
  Page 1: +0 rows (total: 0)
  No records found, skipping

=== Merida (tournament_id=5, rk9=ME01wMEKNaLIfrdxmnhb) ===
  Rounds found:  -> using null
  Page 1: +0 rows (total: 0)
  No records found, skipping

=== Birmingham (tournament_id=6, rk9=BH01mjIWeSb7vxkM9Aer) ===
  Rounds found:  -> using null
  Page 1: +0 rows (total: 0)
  No records found, skipping

=== Toronto (tournament_id=7, rk9=TO01yAfakDVFFDFAV2AS) ===
  Rounds found:  -> using null
  Page 1: +0 rows (total: 0)
  No records found, skipping

=== LAIC (tournament_id=9, rk9=LA0126uWiVw5bRySlkA2) ===
  Rounds found:  -> using null
  Page 1: +0 rows (total: 0)
  No records found, skipping

=== Las Vegas (tournament_id=10, rk9=LV01YShqrqjMo62PxZPg) ===
  Rounds found:  -> using null
  Page 1: +0 rows (total: 0)
  No records found, skipping

=== Gdansk (tournament_id=11, rk9=GD01yAq3nBdy68dkmxVc) ===
  Rounds found:  -> using null
  Page 1: +0 rows (total: 0)
  No records found, skipping

=== Brisbane (tournament_id=12, rk9=BR01wWjeoRXmsLVtL56s) ===
  Rounds found:  -> using null
  Page 1: +0 rows (total: 0)
  No records found, skipping

=== Lille (tournament_id=13, rk9=LL01rJ9jmjd0vvZStqEI) ===
  Rounds found:  -> using null
  Page 1: +0 rows (total: 0)
  No records found, skipping

=== Milwaukee (tournament_id=14, rk9=MK01mzXPKCuqXfZ1ay6j) ===
  Rounds found:  -> using null
  Page 1: +0 rows (total: 0)
  No records found, skipping

=== Belo Horizonte (tournament_id=15, rk9=BE01wYmCBW1HzjObcfgo) ===
  Rounds found:  -> using null
  Page 1: +0 rows (total: 0)
  No records found, skipping

=== Pittsburgh (tournament_id=16, rk9=PT01klFH0Nj5f17R5myQ) ===
  Rounds found:  -> using null
  Page 1: +0 rows (total: 0)
  No records found, skipping

=== Monterrey (tournament_id=17, rk9=MT01mfOxRw9XtaFtElAm) ===
  Rounds found:  -> using null
  Page 1: +0 rows (total: 0)
  No records found, skipping

=== Frankfurt (tournament_id=18, rk9=FR01mpvNDKVaPxTTkdam) ===
  Rounds found:  -> using null
  Page 1: +0 rows (total: 0)
  No records found, skipping

Done!
